<?xml version="1.0" encoding="UTF-8"?>
<testng-results ignored="0" total="1" passed="1" failed="0" skipped="0">
  <reporter-output>
  </reporter-output>
  <suite started-at="2021-07-13T17:09:52 CEST" name="nopCommerce" finished-at="2021-07-13T17:10:22 CEST" duration-ms="30288">
    <groups>
    </groups>
    <test started-at="2021-07-13T17:09:52 CEST" name="Test1" finished-at="2021-07-13T17:10:22 CEST" duration-ms="30288">
      <class name="com.nopCommerceProjectV1.testCases.TC_LoginTest_001">
        <test-method is-config="true" signature="setUp(java.lang.String)[pri:0, instance:com.nopCommerceProjectV1.testCases.TC_LoginTest_001@2a54a73f]" started-at="2021-07-13T17:09:52 CEST" name="setUp" finished-at="2021-07-13T17:09:54 CEST" duration-ms="1920" status="PASS">
          <params>
            <param index="0">
              <value>
                <![CDATA[chrome]]>
              </value>
            </param>
          </params>
          <reporter-output>
          </reporter-output>
        </test-method> <!-- setUp -->
        <test-method signature="loginTest()[pri:0, instance:com.nopCommerceProjectV1.testCases.TC_LoginTest_001@2a54a73f]" started-at="2021-07-13T17:09:54 CEST" name="loginTest" finished-at="2021-07-13T17:10:18 CEST" duration-ms="24375" status="PASS">
          <reporter-output>
          </reporter-output>
        </test-method> <!-- loginTest -->
        <test-method is-config="true" signature="tearDown()[pri:0, instance:com.nopCommerceProjectV1.testCases.TC_LoginTest_001@2a54a73f]" started-at="2021-07-13T17:10:18 CEST" name="tearDown" finished-at="2021-07-13T17:10:22 CEST" duration-ms="3756" status="PASS">
          <reporter-output>
          </reporter-output>
        </test-method> <!-- tearDown -->
      </class> <!-- com.nopCommerceProjectV1.testCases.TC_LoginTest_001 -->
    </test> <!-- Test1 -->
  </suite> <!-- nopCommerce -->
</testng-results>
